2023-10-06 10:05:23: Starting convert_and_run_models.sh
2023-10-06 10:05:24,141: Event Scraper searching for updated event info...
2023-10-06 10:05:24,165: WARNING: No new events found
2023-10-06 10:05:24,165: Event Scraper successfully exited

2023-10-06 10:05:24,165: Shotmap Extractor searching for new shotmaps...
2023-10-06 10:05:24,208: WARNING: No new shotmaps found
2023-10-06 10:05:24,208: Shotmap Extractor sucessfully exited
2023-10-06 10:05:24,208: Player Events Updater searching for new player events data...
2023-10-06 10:05:24,274: WARNING: No new player event data found
2023-10-06 10:05:24,274: Player Updater successfully exited
2023-10-06 10:05:24,275: Player Shotmap Updater started...
2023-10-06 10:05:24,337: WARNING: No new player event data to merge
2023-10-06 10:05:24,337: Player Shotmap Updater successfully exited
2023-10-06 10:05:24: Starting the update_on_github.sh script
2023-10-06 10:05:25: Script execution completed

2023-10-06 10:05:28: Executing /Users/harrisonward/Desktop/CS/Git/xG/models/xG_model.py...
2023-10-06 10:06:03: Executing /Users/harrisonward/Desktop/CS/Git/xG/models/xP_model.py...
2023-10-06 10:07:00: Starting convert_and_run_models.sh
2023-10-06 10:07:02: WARNING: Script /Users/harrisonward/Desktop/CS/Git/xG/models/xG_model.py not found!
2023-10-06 10:07:04: WARNING: Script /Users/harrisonward/Desktop/CS/Git/xG/models/xP_model.py not found!
